<?xml version="1.0" encoding="UTF-8"?>
<!-- Generated by org.testng.reporters.JUnitReportReporter -->
<testsuite skipped="0" hostname="LAPTOP-IKOVGLLD" name="com.Automation.Tesatcases.LoginTestnewTours" tests="1" failures="0" timestamp="29 Mar 2019 15:08:30 GMT" time="7.507" errors="0">
  <testcase name="logingApplication" time="7.507" classname="com.Automation.Tesatcases.LoginTestnewTours"/>
</testsuite> <!-- com.Automation.Tesatcases.LoginTestnewTours -->
